<?xml version="1.0" encoding="UTF-8"?>
<!-- Generated by org.testng.reporters.JUnitXMLReporter -->
<testsuite ignored="0" hostname="Prabhu" failures="0" tests="3" name="Test" time="21.774" errors="0" timestamp="2024-01-22T19:53:39 IST">
  <testcase classname="com.spotify.tests.CreatePlayListUsingReUsableCode" name="createPlayList" time="14.549"/>
  <testcase classname="com.spotify.tests.CreatePlayListUsingReUsableCode" name="getPlayList" time="3.3"/>
  <testcase classname="com.spotify.tests.CreatePlayListUsingReUsableCode" name="updatePlayList" time="3.547"/>
</testsuite> <!-- Test -->
