<?xml version="1.0" encoding="UTF-8"?>
<testng-results ignored="0" total="3" passed="3" failed="0" skipped="0">
  <reporter-output>
  </reporter-output>
  <suite started-at="2024-01-22T19:53:17 IST" name="Suite" finished-at="2024-01-22T19:53:39 IST" duration-ms="21774">
    <groups>
    </groups>
    <test started-at="2024-01-22T19:53:17 IST" name="Test" finished-at="2024-01-22T19:53:39 IST" duration-ms="21774">
      <class name="com.spotify.tests.CreatePlayListUsingReUsableCode">
        <test-method signature="createPlayList()[pri:1, instance:com.spotify.tests.CreatePlayListUsingReUsableCode@5173200b]" started-at="2024-01-22T19:53:17 IST" name="createPlayList" finished-at="2024-01-22T19:53:32 IST" duration-ms="14549" status="PASS">
          <reporter-output>
          </reporter-output>
        </test-method> <!-- createPlayList -->
        <test-method signature="getPlayList()[pri:2, instance:com.spotify.tests.CreatePlayListUsingReUsableCode@5173200b]" started-at="2024-01-22T19:53:32 IST" name="getPlayList" finished-at="2024-01-22T19:53:35 IST" duration-ms="3300" status="PASS">
          <reporter-output>
          </reporter-output>
        </test-method> <!-- getPlayList -->
        <test-method signature="updatePlayList()[pri:3, instance:com.spotify.tests.CreatePlayListUsingReUsableCode@5173200b]" started-at="2024-01-22T19:53:35 IST" name="updatePlayList" finished-at="2024-01-22T19:53:39 IST" duration-ms="3547" status="PASS">
          <reporter-output>
          </reporter-output>
        </test-method> <!-- updatePlayList -->
      </class> <!-- com.spotify.tests.CreatePlayListUsingReUsableCode -->
    </test> <!-- Test -->
  </suite> <!-- Suite -->
</testng-results>
